<?xml version="1.0" encoding="UTF-8"?>
<!-- Generated by org.testng.reporters.JUnitReportReporter -->
<testsuite hostname="LAPTOP-IA63TUKK" failures="0" tests="1" name="testcases.DemoSiteLoginFunctionality" time="2.749" errors="0" timestamp="2023-11-20T16:23:58 IST" skipped="0">
  <testcase classname="testcases.DemoSiteLoginFunctionality" name="demoSiteTestingWithPOM" time="2.749"/>
</testsuite> <!-- testcases.DemoSiteLoginFunctionality -->
