<?xml version="1.0" encoding="UTF-8"?>
<!-- Generated by org.testng.reporters.JUnitReportReporter -->
<testsuite hostname="LAPTOP-IA63TUKK" failures="0" tests="1" name="testcases.RegistrationOfAmazon" time="1.918" errors="0" timestamp="2023-10-18T11:38:47 IST" skipped="0">
  <testcase classname="testcases.RegistrationOfAmazon" name="register" time="1.918"/>
</testsuite> <!-- testcases.RegistrationOfAmazon -->
