<?xml version="1.0" encoding="UTF-8"?>
<!-- Generated by org.testng.reporters.JUnitReportReporter -->
<testsuite hostname="LAPTOP-IA63TUKK" failures="0" tests="1" name="testcases.NewWinCheck" time="81.632" errors="0" timestamp="2023-10-16T18:37:35 IST" skipped="0">
  <testcase classname="testcases.NewWinCheck" name="test1" time="81.632"/>
</testsuite> <!-- testcases.NewWinCheck -->
