<?xml version="1.0" encoding="UTF-8"?>
<!-- Generated by org.testng.reporters.JUnitReportReporter -->
<testsuite hostname="LAPTOP-IA63TUKK" failures="0" tests="2" name="testcases.DemoCheck" time="0.010" errors="0" timestamp="2023-10-03T18:42:12 IST" skipped="0">
  <testcase classname="testcases.DemoCheck" name="printingD" time="0.002"/>
  <testcase classname="testcases.DemoCheck" name="printingC" time="0.008"/>
</testsuite> <!-- testcases.DemoCheck -->
